<?xml version="1.0" encoding="UTF-8"?>
<testng-results skipped="1" failed="1" ignored="0" total="6" passed="4">
  <reporter-output>
  </reporter-output>
  <suite name="firstSuite" duration-ms="325513" started-at="2023-01-25T17:50:22Z" finished-at="2023-01-25T17:55:47Z">
    <groups>
      <group name="ErrorHandle">
        <method signature="ErrorValidationTest.loginErrorValidation()[pri:0, instance:MallulaAcadamytests.ErrorValidationTest@2e55dd0c]" name="loginErrorValidation" class="MallulaAcadamytests.ErrorValidationTest"/>
      </group> <!-- ErrorHandle -->
      <group name="purchaseOrder">
        <method signature="StandAloneTest.test(java.lang.String, java.lang.String, java.lang.String)[pri:0, instance:MallulaAcadamytests.StandAloneTest@4e096385]" name="test" class="MallulaAcadamytests.StandAloneTest"/>
      </group> <!-- purchaseOrder -->
    </groups>
    <test name="Test1" duration-ms="321233" started-at="2023-01-25T17:50:22Z" finished-at="2023-01-25T17:55:43Z">
      <class name="MallulaAcadamytests.ErrorValidationTest">
        <test-method status="PASS" signature="launchApplication()[pri:0, instance:MallulaAcadamytests.ErrorValidationTest@2e55dd0c]" name="launchApplication" is-config="true" duration-ms="107099" started-at="2023-01-25T17:50:22Z" finished-at="2023-01-25T17:52:09Z">
          <reporter-output>
          </reporter-output>
        </test-method> <!-- launchApplication -->
        <test-method status="SKIP" signature="loginErrorValidation()[pri:0, instance:MallulaAcadamytests.ErrorValidationTest@2e55dd0c]" name="loginErrorValidation" duration-ms="1131" started-at="2023-01-25T17:52:09Z" finished-at="2023-01-25T17:52:10Z">
          <exception class="java.lang.AssertionError">
            <message>
              <![CDATA[expected [Incorrect email or password.] but found [Incorrect email password.]]]>
            </message>
            <full-stacktrace>
              <![CDATA[java.lang.AssertionError: expected [Incorrect email or password.] but found [Incorrect email password.]
at org.testng.Assert.fail(Assert.java:96)
at org.testng.Assert.failNotEquals(Assert.java:776)
at org.testng.Assert.assertEqualsImpl(Assert.java:137)
at org.testng.Assert.assertEquals(Assert.java:118)
at org.testng.Assert.assertEquals(Assert.java:453)
at org.testng.Assert.assertEquals(Assert.java:463)
at MallulaAcadamytests.ErrorValidationTest.loginErrorValidation(ErrorValidationTest.java:20)
at sun.reflect.NativeMethodAccessorImpl.invoke0(Native Method)
at sun.reflect.NativeMethodAccessorImpl.invoke(NativeMethodAccessorImpl.java:62)
at sun.reflect.DelegatingMethodAccessorImpl.invoke(DelegatingMethodAccessorImpl.java:43)
at java.lang.reflect.Method.invoke(Method.java:498)
at org.testng.internal.MethodInvocationHelper.invokeMethod(MethodInvocationHelper.java:124)
at org.testng.internal.Invoker.invokeMethod(Invoker.java:583)
at org.testng.internal.Invoker.invokeTestMethod(Invoker.java:719)
at org.testng.internal.Invoker.invokeTestMethods(Invoker.java:989)
at org.testng.internal.TestMethodWorker.invokeTestMethods(TestMethodWorker.java:125)
at org.testng.internal.TestMethodWorker.run(TestMethodWorker.java:109)
at org.testng.TestRunner.privateRun(TestRunner.java:648)
at org.testng.TestRunner.run(TestRunner.java:505)
at org.testng.SuiteRunner.runTest(SuiteRunner.java:455)
at org.testng.SuiteRunner.access$000(SuiteRunner.java:40)
at org.testng.SuiteRunner$SuiteWorker.run(SuiteRunner.java:489)
at org.testng.internal.thread.ThreadUtil$1.call(ThreadUtil.java:52)
at java.util.concurrent.FutureTask.run(FutureTask.java:266)
at java.util.concurrent.ThreadPoolExecutor.runWorker(ThreadPoolExecutor.java:1149)
at java.util.concurrent.ThreadPoolExecutor$Worker.run(ThreadPoolExecutor.java:624)
at java.lang.Thread.run(Thread.java:748)
]]>
            </full-stacktrace>
          </exception> <!-- java.lang.AssertionError -->
          <reporter-output>
          </reporter-output>
        </test-method> <!-- loginErrorValidation -->
        <test-method status="PASS" signature="tearDown()[pri:0, instance:MallulaAcadamytests.ErrorValidationTest@2e55dd0c]" name="tearDown" is-config="true" duration-ms="4903" started-at="2023-01-25T17:52:10Z" finished-at="2023-01-25T17:52:15Z">
          <reporter-output>
          </reporter-output>
        </test-method> <!-- tearDown -->
        <test-method status="PASS" signature="launchApplication()[pri:0, instance:MallulaAcadamytests.ErrorValidationTest@2e55dd0c]" name="launchApplication" is-config="true" duration-ms="97277" started-at="2023-01-25T17:52:15Z" finished-at="2023-01-25T17:53:52Z">
          <reporter-output>
          </reporter-output>
        </test-method> <!-- launchApplication -->
        <test-method status="FAIL" signature="loginErrorValidation()[pri:0, instance:MallulaAcadamytests.ErrorValidationTest@2e55dd0c]" name="loginErrorValidation" duration-ms="1510" started-at="2023-01-25T17:53:52Z" finished-at="2023-01-25T17:53:54Z">
          <exception class="java.lang.AssertionError">
            <message>
              <![CDATA[expected [Incorrect email or password.] but found [Incorrect email password.]]]>
            </message>
            <full-stacktrace>
              <![CDATA[java.lang.AssertionError: expected [Incorrect email or password.] but found [Incorrect email password.]
at org.testng.Assert.fail(Assert.java:96)
at org.testng.Assert.failNotEquals(Assert.java:776)
at org.testng.Assert.assertEqualsImpl(Assert.java:137)
at org.testng.Assert.assertEquals(Assert.java:118)
at org.testng.Assert.assertEquals(Assert.java:453)
at org.testng.Assert.assertEquals(Assert.java:463)
at MallulaAcadamytests.ErrorValidationTest.loginErrorValidation(ErrorValidationTest.java:20)
at sun.reflect.NativeMethodAccessorImpl.invoke0(Native Method)
at sun.reflect.NativeMethodAccessorImpl.invoke(NativeMethodAccessorImpl.java:62)
at sun.reflect.DelegatingMethodAccessorImpl.invoke(DelegatingMethodAccessorImpl.java:43)
at java.lang.reflect.Method.invoke(Method.java:498)
at org.testng.internal.MethodInvocationHelper.invokeMethod(MethodInvocationHelper.java:124)
at org.testng.internal.Invoker.invokeMethod(Invoker.java:583)
at org.testng.internal.Invoker.retryFailed(Invoker.java:839)
at org.testng.internal.Invoker.invokeTestMethods(Invoker.java:1010)
at org.testng.internal.TestMethodWorker.invokeTestMethods(TestMethodWorker.java:125)
at org.testng.internal.TestMethodWorker.run(TestMethodWorker.java:109)
at org.testng.TestRunner.privateRun(TestRunner.java:648)
at org.testng.TestRunner.run(TestRunner.java:505)
at org.testng.SuiteRunner.runTest(SuiteRunner.java:455)
at org.testng.SuiteRunner.access$000(SuiteRunner.java:40)
at org.testng.SuiteRunner$SuiteWorker.run(SuiteRunner.java:489)
at org.testng.internal.thread.ThreadUtil$1.call(ThreadUtil.java:52)
at java.util.concurrent.FutureTask.run(FutureTask.java:266)
at java.util.concurrent.ThreadPoolExecutor.runWorker(ThreadPoolExecutor.java:1149)
at java.util.concurrent.ThreadPoolExecutor$Worker.run(ThreadPoolExecutor.java:624)
at java.lang.Thread.run(Thread.java:748)
]]>
            </full-stacktrace>
          </exception> <!-- java.lang.AssertionError -->
          <reporter-output>
          </reporter-output>
        </test-method> <!-- loginErrorValidation -->
        <test-method status="PASS" signature="tearDown()[pri:0, instance:MallulaAcadamytests.ErrorValidationTest@2e55dd0c]" name="tearDown" is-config="true" duration-ms="3380" started-at="2023-01-25T17:53:56Z" finished-at="2023-01-25T17:53:59Z">
          <reporter-output>
          </reporter-output>
        </test-method> <!-- tearDown -->
        <test-method status="PASS" signature="launchApplication()[pri:0, instance:MallulaAcadamytests.ErrorValidationTest@2e55dd0c]" name="launchApplication" is-config="true" duration-ms="94633" started-at="2023-01-25T17:53:59Z" finished-at="2023-01-25T17:55:34Z">
          <reporter-output>
          </reporter-output>
        </test-method> <!-- launchApplication -->
        <test-method status="PASS" signature="productErrorValidation()[pri:0, instance:MallulaAcadamytests.ErrorValidationTest@2e55dd0c]" name="productErrorValidation" duration-ms="5781" started-at="2023-01-25T17:55:34Z" finished-at="2023-01-25T17:55:40Z">
          <reporter-output>
          </reporter-output>
        </test-method> <!-- productErrorValidation -->
        <test-method status="PASS" signature="tearDown()[pri:0, instance:MallulaAcadamytests.ErrorValidationTest@2e55dd0c]" name="tearDown" is-config="true" duration-ms="3459" started-at="2023-01-25T17:55:40Z" finished-at="2023-01-25T17:55:43Z">
          <reporter-output>
          </reporter-output>
        </test-method> <!-- tearDown -->
      </class> <!-- MallulaAcadamytests.ErrorValidationTest -->
    </test> <!-- Test1 -->
    <test name="Test" duration-ms="325513" started-at="2023-01-25T17:50:22Z" finished-at="2023-01-25T17:55:47Z">
      <class name="MallulaAcadamytests.StandAloneTest">
        <test-method status="PASS" signature="launchApplication()[pri:0, instance:MallulaAcadamytests.StandAloneTest@4e096385]" name="launchApplication" is-config="true" duration-ms="105734" started-at="2023-01-25T17:50:22Z" finished-at="2023-01-25T17:52:08Z">
          <reporter-output>
          </reporter-output>
        </test-method> <!-- launchApplication -->
        <test-method status="PASS" signature="test(java.lang.String, java.lang.String, java.lang.String)[pri:0, instance:MallulaAcadamytests.StandAloneTest@4e096385]" name="test" duration-ms="8069" started-at="2023-01-25T17:52:08Z" data-provider="dataSets" finished-at="2023-01-25T17:52:16Z">
          <params>
            <param index="0">
              <value>
                <![CDATA[useforoverall@gmail.com]]>
              </value>
            </param>
            <param index="1">
              <value>
                <![CDATA[Ap39ky4995]]>
              </value>
            </param>
            <param index="2">
              <value>
                <![CDATA[ADIDAS ORIGINAL]]>
              </value>
            </param>
          </params>
          <reporter-output>
          </reporter-output>
        </test-method> <!-- test -->
        <test-method status="PASS" signature="tearDown()[pri:0, instance:MallulaAcadamytests.StandAloneTest@4e096385]" name="tearDown" is-config="true" duration-ms="2066" started-at="2023-01-25T17:52:16Z" finished-at="2023-01-25T17:52:18Z">
          <reporter-output>
          </reporter-output>
        </test-method> <!-- tearDown -->
        <test-method status="PASS" signature="launchApplication()[pri:0, instance:MallulaAcadamytests.StandAloneTest@4e096385]" name="launchApplication" is-config="true" duration-ms="96336" started-at="2023-01-25T17:52:18Z" finished-at="2023-01-25T17:53:54Z">
          <reporter-output>
          </reporter-output>
        </test-method> <!-- launchApplication -->
        <test-method status="PASS" signature="test(java.lang.String, java.lang.String, java.lang.String)[pri:0, instance:MallulaAcadamytests.StandAloneTest@4e096385]" name="test" duration-ms="7279" started-at="2023-01-25T17:53:54Z" data-provider="dataSets" finished-at="2023-01-25T17:54:01Z">
          <params>
            <param index="0">
              <value>
                <![CDATA[anshika@gmail.com]]>
              </value>
            </param>
            <param index="1">
              <value>
                <![CDATA[Iamking@000]]>
              </value>
            </param>
            <param index="2">
              <value>
                <![CDATA[ZARA COAT 3]]>
              </value>
            </param>
          </params>
          <reporter-output>
          </reporter-output>
        </test-method> <!-- test -->
        <test-method status="PASS" signature="tearDown()[pri:0, instance:MallulaAcadamytests.StandAloneTest@4e096385]" name="tearDown" is-config="true" duration-ms="2243" started-at="2023-01-25T17:54:02Z" finished-at="2023-01-25T17:54:04Z">
          <reporter-output>
          </reporter-output>
        </test-method> <!-- tearDown -->
        <test-method status="PASS" signature="launchApplication()[pri:0, instance:MallulaAcadamytests.StandAloneTest@4e096385]" name="launchApplication" is-config="true" duration-ms="97717" started-at="2023-01-25T17:54:04Z" finished-at="2023-01-25T17:55:41Z">
          <reporter-output>
          </reporter-output>
        </test-method> <!-- launchApplication -->
        <test-method status="PASS" signature="verifyOrderHystory()[pri:0, instance:MallulaAcadamytests.StandAloneTest@4e096385]" name="verifyOrderHystory" duration-ms="1795" started-at="2023-01-25T17:55:41Z" depends-on-methods="MallulaAcadamytests.StandAloneTest.test" finished-at="2023-01-25T17:55:43Z">
          <reporter-output>
          </reporter-output>
        </test-method> <!-- verifyOrderHystory -->
        <test-method status="PASS" signature="tearDown()[pri:0, instance:MallulaAcadamytests.StandAloneTest@4e096385]" name="tearDown" is-config="true" duration-ms="4226" started-at="2023-01-25T17:55:43Z" finished-at="2023-01-25T17:55:47Z">
          <reporter-output>
          </reporter-output>
        </test-method> <!-- tearDown -->
      </class> <!-- MallulaAcadamytests.StandAloneTest -->
    </test> <!-- Test -->
  </suite> <!-- firstSuite -->
</testng-results>
